{"numFailedTestSuites":1,"numFailedTests":7,"numPassedTestSuites":0,"numPassedTests":17,"numPendingTestSuites":0,"numPendingTests":0,"numRuntimeErrorTestSuites":0,"numTodoTests":0,"numTotalTestSuites":1,"numTotalTests":24,"openHandles":[],"snapshot":{"added":0,"didUpdate":false,"failure":false,"filesAdded":0,"filesRemoved":0,"filesRemovedList":[],"filesUnmatched":0,"filesUpdated":0,"matched":0,"total":0,"unchecked":0,"uncheckedKeysByFile":[],"unmatched":0,"updated":0},"startTime":1773325537949,"success":false,"testResults":[{"assertionResults":[{"ancestorTitles":["AUTH MODULE","POST /auth/register"],"duration":162,"failureDetails":[],"failureMessages":[],"fullName":"AUTH MODULE POST /auth/register should register a new user with valid data (or fail with DB error)","invocations":1,"location":null,"numPassingAsserts":4,"retryReasons":[],"status":"passed","title":"should register a new user with valid data (or fail with DB error)"},{"ancestorTitles":["AUTH MODULE","POST /auth/register"],"duration":9,"failureDetails":[],"failureMessages":[],"fullName":"AUTH MODULE POST /auth/register should reject registration with missing email","invocations":1,"location":null,"numPassingAsserts":2,"retryReasons":[],"status":"passed","title":"should reject registration with missing email"},{"ancestorTitles":["AUTH MODULE","POST /auth/register"],"duration":6,"failureDetails":[],"failureMessages":[],"fullName":"AUTH MODULE POST /auth/register should reject registration with missing name","invocations":1,"location":null,"numPassingAsserts":2,"retryReasons":[],"status":"passed","title":"should reject registration with missing name"},{"ancestorTitles":["AUTH MODULE","POST /auth/register"],"duration":7,"failureDetails":[],"failureMessages":[],"fullName":"AUTH MODULE POST /auth/register should reject registration with missing password","invocations":1,"location":null,"numPassingAsserts":2,"retryReasons":[],"status":"passed","title":"should reject registration with missing password"},{"ancestorTitles":["AUTH MODULE","POST /auth/register"],"duration":6,"failureDetails":[],"failureMessages":[],"fullName":"AUTH MODULE POST /auth/register should reject invalid email format","invocations":1,"location":null,"numPassingAsserts":2,"retryReasons":[],"status":"passed","title":"should reject invalid email format"},{"ancestorTitles":["AUTH MODULE","POST /auth/register"],"duration":5,"failureDetails":[],"failureMessages":[],"fullName":"AUTH MODULE POST /auth/register should reject password shorter than 8 characters","invocations":1,"location":null,"numPassingAsserts":2,"retryReasons":[],"status":"passed","title":"should reject password shorter than 8 characters"},{"ancestorTitles":["AUTH MODULE","POST /auth/register"],"duration":6,"failureDetails":[],"failureMessages":[],"fullName":"AUTH MODULE POST /auth/register should reject empty request body","invocations":1,"location":null,"numPassingAsserts":1,"retryReasons":[],"status":"passed","title":"should reject empty request body"},{"ancestorTitles":["AUTH MODULE","POST /auth/register"],"duration":5,"failureDetails":[],"failureMessages":[],"fullName":"AUTH MODULE POST /auth/register should reject registration with empty string values","invocations":1,"location":null,"numPassingAsserts":1,"retryReasons":[],"status":"passed","title":"should reject registration with empty string values"},{"ancestorTitles":["AUTH MODULE","POST /auth/register"],"duration":42,"failureDetails":[],"failureMessages":[],"fullName":"AUTH MODULE POST /auth/register should handle very long email addresses","invocations":1,"location":null,"numPassingAsserts":1,"retryReasons":[],"status":"passed","title":"should handle very long email addresses"},{"ancestorTitles":["AUTH MODULE","POST /auth/register"],"duration":104,"failureDetails":[],"failureMessages":[],"fullName":"AUTH MODULE POST /auth/register should handle special characters in name","invocations":1,"location":null,"numPassingAsserts":1,"retryReasons":[],"status":"passed","title":"should handle special characters in name"},{"ancestorTitles":["AUTH MODULE","POST /auth/register"],"duration":6,"failureDetails":[{"matcherResult":{"message":"\u001b[2mexpect(\u001b[22m\u001b[31mreceived\u001b[39m\u001b[2m).\u001b[22mtoContain\u001b[2m(\u001b[22m\u001b[32mexpected\u001b[39m\u001b[2m) // indexOf\u001b[22m\n\nExpected value: \u001b[32m429\u001b[39m\nReceived array: \u001b[31m[201, 400, 500]\u001b[39m","pass":false}}],"failureMessages":["Error: \u001b[2mexpect(\u001b[22m\u001b[31mreceived\u001b[39m\u001b[2m).\u001b[22mtoContain\u001b[2m(\u001b[22m\u001b[32mexpected\u001b[39m\u001b[2m) // indexOf\u001b[22m\n\nExpected value: \u001b[32m429\u001b[39m\nReceived array: \u001b[31m[201, 400, 500]\u001b[39m\n    at Object.<anonymous> (K:\\Project\\Anitgravity\\Expense Tracker\\backend\\tests\\integration\\auth.test.ts:105:31)\n    at processTicksAndRejections (node:internal/process/task_queues:105:5)"],"fullName":"AUTH MODULE POST /auth/register should handle XSS attempt in name field","invocations":1,"location":null,"numPassingAsserts":0,"retryReasons":[],"status":"failed","title":"should handle XSS attempt in name field"},{"ancestorTitles":["AUTH MODULE","POST /auth/register"],"duration":6,"failureDetails":[{"matcherResult":{"actual":429,"expected":400,"message":"\u001b[2mexpect(\u001b[22m\u001b[31mreceived\u001b[39m\u001b[2m).\u001b[22mtoBe\u001b[2m(\u001b[22m\u001b[32mexpected\u001b[39m\u001b[2m) // Object.is equality\u001b[22m\n\nExpected: \u001b[32m400\u001b[39m\nReceived: \u001b[31m429\u001b[39m","name":"toBe","pass":false}}],"failureMessages":["Error: \u001b[2mexpect(\u001b[22m\u001b[31mreceived\u001b[39m\u001b[2m).\u001b[22mtoBe\u001b[2m(\u001b[22m\u001b[32mexpected\u001b[39m\u001b[2m) // Object.is equality\u001b[22m\n\nExpected: \u001b[32m400\u001b[39m\nReceived: \u001b[31m429\u001b[39m\n    at Object.<anonymous> (K:\\Project\\Anitgravity\\Expense Tracker\\backend\\tests\\integration\\auth.test.ts:112:26)\n    at processTicksAndRejections (node:internal/process/task_queues:105:5)"],"fullName":"AUTH MODULE POST /auth/register should handle SQL injection attempt in email","invocations":1,"location":null,"numPassingAsserts":0,"retryReasons":[],"status":"failed","title":"should handle SQL injection attempt in email"},{"ancestorTitles":["AUTH MODULE","POST /auth/login"],"duration":4,"failureDetails":[{"matcherResult":{"message":"\u001b[2mexpect(\u001b[22m\u001b[31mreceived\u001b[39m\u001b[2m).\u001b[22mtoContain\u001b[2m(\u001b[22m\u001b[32mexpected\u001b[39m\u001b[2m) // indexOf\u001b[22m\n\nExpected value: \u001b[32m429\u001b[39m\nReceived array: \u001b[31m[200, 401, 500]\u001b[39m","pass":false}}],"failureMessages":["Error: \u001b[2mexpect(\u001b[22m\u001b[31mreceived\u001b[39m\u001b[2m).\u001b[22mtoContain\u001b[2m(\u001b[22m\u001b[32mexpected\u001b[39m\u001b[2m) // indexOf\u001b[22m\n\nExpected value: \u001b[32m429\u001b[39m\nReceived array: \u001b[31m[200, 401, 500]\u001b[39m\n    at Object.<anonymous> (K:\\Project\\Anitgravity\\Expense Tracker\\backend\\tests\\integration\\auth.test.ts:124:31)\n    at processTicksAndRejections (node:internal/process/task_queues:105:5)"],"fullName":"AUTH MODULE POST /auth/login should login with valid credentials (or fail with DB error)","invocations":1,"location":null,"numPassingAsserts":0,"retryReasons":[],"status":"failed","title":"should login with valid credentials (or fail with DB error)"},{"ancestorTitles":["AUTH MODULE","POST /auth/login"],"duration":3,"failureDetails":[{"matcherResult":{"actual":429,"expected":400,"message":"\u001b[2mexpect(\u001b[22m\u001b[31mreceived\u001b[39m\u001b[2m).\u001b[22mtoBe\u001b[2m(\u001b[22m\u001b[32mexpected\u001b[39m\u001b[2m) // Object.is equality\u001b[22m\n\nExpected: \u001b[32m400\u001b[39m\nReceived: \u001b[31m429\u001b[39m","name":"toBe","pass":false}}],"failureMessages":["Error: \u001b[2mexpect(\u001b[22m\u001b[31mreceived\u001b[39m\u001b[2m).\u001b[22mtoBe\u001b[2m(\u001b[22m\u001b[32mexpected\u001b[39m\u001b[2m) // Object.is equality\u001b[22m\n\nExpected: \u001b[32m400\u001b[39m\nReceived: \u001b[31m429\u001b[39m\n    at Object.<anonymous> (K:\\Project\\Anitgravity\\Expense Tracker\\backend\\tests\\integration\\auth.test.ts:135:26)\n    at processTicksAndRejections (node:internal/process/task_queues:105:5)"],"fullName":"AUTH MODULE POST /auth/login should reject login with missing email","invocations":1,"location":null,"numPassingAsserts":0,"retryReasons":[],"status":"failed","title":"should reject login with missing email"},{"ancestorTitles":["AUTH MODULE","POST /auth/login"],"duration":5,"failureDetails":[{"matcherResult":{"actual":429,"expected":400,"message":"\u001b[2mexpect(\u001b[22m\u001b[31mreceived\u001b[39m\u001b[2m).\u001b[22mtoBe\u001b[2m(\u001b[22m\u001b[32mexpected\u001b[39m\u001b[2m) // Object.is equality\u001b[22m\n\nExpected: \u001b[32m400\u001b[39m\nReceived: \u001b[31m429\u001b[39m","name":"toBe","pass":false}}],"failureMessages":["Error: \u001b[2mexpect(\u001b[22m\u001b[31mreceived\u001b[39m\u001b[2m).\u001b[22mtoBe\u001b[2m(\u001b[22m\u001b[32mexpected\u001b[39m\u001b[2m) // Object.is equality\u001b[22m\n\nExpected: \u001b[32m400\u001b[39m\nReceived: \u001b[31m429\u001b[39m\n    at Object.<anonymous> (K:\\Project\\Anitgravity\\Expense Tracker\\backend\\tests\\integration\\auth.test.ts:143:26)\n    at processTicksAndRejections (node:internal/process/task_queues:105:5)"],"fullName":"AUTH MODULE POST /auth/login should reject login with missing password","invocations":1,"location":null,"numPassingAsserts":0,"retryReasons":[],"status":"failed","title":"should reject login with missing password"},{"ancestorTitles":["AUTH MODULE","POST /auth/login"],"duration":4,"failureDetails":[{"matcherResult":{"actual":429,"expected":400,"message":"\u001b[2mexpect(\u001b[22m\u001b[31mreceived\u001b[39m\u001b[2m).\u001b[22mtoBe\u001b[2m(\u001b[22m\u001b[32mexpected\u001b[39m\u001b[2m) // Object.is equality\u001b[22m\n\nExpected: \u001b[32m400\u001b[39m\nReceived: \u001b[31m429\u001b[39m","name":"toBe","pass":false}}],"failureMessages":["Error: \u001b[2mexpect(\u001b[22m\u001b[31mreceived\u001b[39m\u001b[2m).\u001b[22mtoBe\u001b[2m(\u001b[22m\u001b[32mexpected\u001b[39m\u001b[2m) // Object.is equality\u001b[22m\n\nExpected: \u001b[32m400\u001b[39m\nReceived: \u001b[31m429\u001b[39m\n    at Object.<anonymous> (K:\\Project\\Anitgravity\\Expense Tracker\\backend\\tests\\integration\\auth.test.ts:151:26)\n    at processTicksAndRejections (node:internal/process/task_queues:105:5)"],"fullName":"AUTH MODULE POST /auth/login should reject login with invalid email format","invocations":1,"location":null,"numPassingAsserts":0,"retryReasons":[],"status":"failed","title":"should reject login with invalid email format"},{"ancestorTitles":["AUTH MODULE","POST /auth/login"],"duration":4,"failureDetails":[{"matcherResult":{"actual":429,"expected":400,"message":"\u001b[2mexpect(\u001b[22m\u001b[31mreceived\u001b[39m\u001b[2m).\u001b[22mtoBe\u001b[2m(\u001b[22m\u001b[32mexpected\u001b[39m\u001b[2m) // Object.is equality\u001b[22m\n\nExpected: \u001b[32m400\u001b[39m\nReceived: \u001b[31m429\u001b[39m","name":"toBe","pass":false}}],"failureMessages":["Error: \u001b[2mexpect(\u001b[22m\u001b[31mreceived\u001b[39m\u001b[2m).\u001b[22mtoBe\u001b[2m(\u001b[22m\u001b[32mexpected\u001b[39m\u001b[2m) // Object.is equality\u001b[22m\n\nExpected: \u001b[32m400\u001b[39m\nReceived: \u001b[31m429\u001b[39m\n    at Object.<anonymous> (K:\\Project\\Anitgravity\\Expense Tracker\\backend\\tests\\integration\\auth.test.ts:157:26)\n    at processTicksAndRejections (node:internal/process/task_queues:105:5)"],"fullName":"AUTH MODULE POST /auth/login should reject empty body","invocations":1,"location":null,"numPassingAsserts":0,"retryReasons":[],"status":"failed","title":"should reject empty body"},{"ancestorTitles":["AUTH MODULE","GET /auth/profile"],"duration":5,"failureDetails":[],"failureMessages":[],"fullName":"AUTH MODULE GET /auth/profile should return 401 without auth token","invocations":1,"location":null,"numPassingAsserts":1,"retryReasons":[],"status":"passed","title":"should return 401 without auth token"},{"ancestorTitles":["AUTH MODULE","GET /auth/profile"],"duration":4,"failureDetails":[],"failureMessages":[],"fullName":"AUTH MODULE GET /auth/profile should return 401 with invalid token","invocations":1,"location":null,"numPassingAsserts":1,"retryReasons":[],"status":"passed","title":"should return 401 with invalid token"},{"ancestorTitles":["AUTH MODULE","GET /auth/profile"],"duration":6,"failureDetails":[],"failureMessages":[],"fullName":"AUTH MODULE GET /auth/profile should return 401 with expired token","invocations":1,"location":null,"numPassingAsserts":1,"retryReasons":[],"status":"passed","title":"should return 401 with expired token"},{"ancestorTitles":["AUTH MODULE","GET /auth/profile"],"duration":4,"failureDetails":[],"failureMessages":[],"fullName":"AUTH MODULE GET /auth/profile should return 401 with empty Bearer token","invocations":1,"location":null,"numPassingAsserts":1,"retryReasons":[],"status":"passed","title":"should return 401 with empty Bearer token"},{"ancestorTitles":["AUTH MODULE","GET /auth/profile"],"duration":4,"failureDetails":[],"failureMessages":[],"fullName":"AUTH MODULE GET /auth/profile should return 401 with malformed Authorization header","invocations":1,"location":null,"numPassingAsserts":1,"retryReasons":[],"status":"passed","title":"should return 401 with malformed Authorization header"},{"ancestorTitles":["AUTH MODULE","GET /auth/debug"],"duration":4,"failureDetails":[],"failureMessages":[],"fullName":"AUTH MODULE GET /auth/debug should not expose debug endpoint","invocations":1,"location":null,"numPassingAsserts":1,"retryReasons":[],"status":"passed","title":"should not expose debug endpoint"},{"ancestorTitles":["AUTH MODULE","GET /auth/test-simple"],"duration":3,"failureDetails":[],"failureMessages":[],"fullName":"AUTH MODULE GET /auth/test-simple should not expose test endpoint","invocations":1,"location":null,"numPassingAsserts":1,"retryReasons":[],"status":"passed","title":"should not expose test endpoint"}],"endTime":1773325541299,"message":"\u001b[1m\u001b[31m  \u001b[1m● \u001b[22m\u001b[1mAUTH MODULE › POST /auth/register › should handle XSS attempt in name field\u001b[39m\u001b[22m\n\n    \u001b[2mexpect(\u001b[22m\u001b[31mreceived\u001b[39m\u001b[2m).\u001b[22mtoContain\u001b[2m(\u001b[22m\u001b[32mexpected\u001b[39m\u001b[2m) // indexOf\u001b[22m\n\n    Expected value: \u001b[32m429\u001b[39m\n    Received array: \u001b[31m[201, 400, 500]\u001b[39m\n\u001b[2m\u001b[22m\n\u001b[2m    \u001b[0m \u001b[90m 103 |\u001b[39m         expect(res\u001b[33m.\u001b[39mbody\u001b[33m.\u001b[39mdata\u001b[33m.\u001b[39muser\u001b[33m.\u001b[39mname)\u001b[33m.\u001b[39mnot\u001b[33m.\u001b[39mtoContain(\u001b[32m'<script>'\u001b[39m)\u001b[33m;\u001b[39m\u001b[22m\n\u001b[2m     \u001b[90m 104 |\u001b[39m       }\u001b[22m\n\u001b[2m    \u001b[31m\u001b[1m>\u001b[22m\u001b[2m\u001b[39m\u001b[90m 105 |\u001b[39m       expect([\u001b[35m201\u001b[39m\u001b[33m,\u001b[39m \u001b[35m400\u001b[39m\u001b[33m,\u001b[39m \u001b[35m500\u001b[39m])\u001b[33m.\u001b[39mtoContain(res\u001b[33m.\u001b[39mstatus)\u001b[33m;\u001b[39m\u001b[22m\n\u001b[2m     \u001b[90m     |\u001b[39m                               \u001b[31m\u001b[1m^\u001b[22m\u001b[2m\u001b[39m\u001b[22m\n\u001b[2m     \u001b[90m 106 |\u001b[39m     })\u001b[33m;\u001b[39m\u001b[22m\n\u001b[2m     \u001b[90m 107 |\u001b[39m\u001b[22m\n\u001b[2m     \u001b[90m 108 |\u001b[39m     it(\u001b[32m'should handle SQL injection attempt in email'\u001b[39m\u001b[33m,\u001b[39m \u001b[36masync\u001b[39m () \u001b[33m=>\u001b[39m {\u001b[0m\u001b[22m\n\u001b[2m\u001b[22m\n\u001b[2m      \u001b[2mat Object.<anonymous> (\u001b[22m\u001b[2m\u001b[0m\u001b[36mtests/integration/auth.test.ts\u001b[39m\u001b[0m\u001b[2m:105:31)\u001b[22m\u001b[2m\u001b[22m\n\n\u001b[1m\u001b[31m  \u001b[1m● \u001b[22m\u001b[1mAUTH MODULE › POST /auth/register › should handle SQL injection attempt in email\u001b[39m\u001b[22m\n\n    \u001b[2mexpect(\u001b[22m\u001b[31mreceived\u001b[39m\u001b[2m).\u001b[22mtoBe\u001b[2m(\u001b[22m\u001b[32mexpected\u001b[39m\u001b[2m) // Object.is equality\u001b[22m\n\n    Expected: \u001b[32m400\u001b[39m\n    Received: \u001b[31m429\u001b[39m\n\u001b[2m\u001b[22m\n\u001b[2m    \u001b[0m \u001b[90m 110 |\u001b[39m         \u001b[33m.\u001b[39mpost(\u001b[32m`${API}/auth/register`\u001b[39m)\u001b[22m\n\u001b[2m     \u001b[90m 111 |\u001b[39m         \u001b[33m.\u001b[39msend({ email\u001b[33m:\u001b[39m \u001b[32m\"test@test.com' OR 1=1 --\"\u001b[39m\u001b[33m,\u001b[39m name\u001b[33m:\u001b[39m \u001b[32m'Test'\u001b[39m\u001b[33m,\u001b[39m password\u001b[33m:\u001b[39m \u001b[32m'SecurePass123!'\u001b[39m })\u001b[33m;\u001b[39m\u001b[22m\n\u001b[2m    \u001b[31m\u001b[1m>\u001b[22m\u001b[2m\u001b[39m\u001b[90m 112 |\u001b[39m       expect(res\u001b[33m.\u001b[39mstatus)\u001b[33m.\u001b[39mtoBe(\u001b[35m400\u001b[39m)\u001b[33m;\u001b[39m\u001b[22m\n\u001b[2m     \u001b[90m     |\u001b[39m                          \u001b[31m\u001b[1m^\u001b[22m\u001b[2m\u001b[39m\u001b[22m\n\u001b[2m     \u001b[90m 113 |\u001b[39m       expect(res\u001b[33m.\u001b[39mbody\u001b[33m.\u001b[39mcode)\u001b[33m.\u001b[39mtoBe(\u001b[32m'INVALID_EMAIL'\u001b[39m)\u001b[33m;\u001b[39m\u001b[22m\n\u001b[2m     \u001b[90m 114 |\u001b[39m     })\u001b[33m;\u001b[39m\u001b[22m\n\u001b[2m     \u001b[90m 115 |\u001b[39m   })\u001b[33m;\u001b[39m\u001b[0m\u001b[22m\n\u001b[2m\u001b[22m\n\u001b[2m      \u001b[2mat Object.<anonymous> (\u001b[22m\u001b[2m\u001b[0m\u001b[36mtests/integration/auth.test.ts\u001b[39m\u001b[0m\u001b[2m:112:26)\u001b[22m\u001b[2m\u001b[22m\n\n\u001b[1m\u001b[31m  \u001b[1m● \u001b[22m\u001b[1mAUTH MODULE › POST /auth/login › should login with valid credentials (or fail with DB error)\u001b[39m\u001b[22m\n\n    \u001b[2mexpect(\u001b[22m\u001b[31mreceived\u001b[39m\u001b[2m).\u001b[22mtoContain\u001b[2m(\u001b[22m\u001b[32mexpected\u001b[39m\u001b[2m) // indexOf\u001b[22m\n\n    Expected value: \u001b[32m429\u001b[39m\n    Received array: \u001b[31m[200, 401, 500]\u001b[39m\n\u001b[2m\u001b[22m\n\u001b[2m    \u001b[0m \u001b[90m 122 |\u001b[39m         \u001b[33m.\u001b[39msend({ email\u001b[33m:\u001b[39m \u001b[32m'test@example.com'\u001b[39m\u001b[33m,\u001b[39m password\u001b[33m:\u001b[39m \u001b[32m'SecurePass123!'\u001b[39m })\u001b[33m;\u001b[39m\u001b[22m\n\u001b[2m     \u001b[90m 123 |\u001b[39m       \u001b[90m// With real DB, may 401 if user doesn't exist\u001b[39m\u001b[22m\n\u001b[2m    \u001b[31m\u001b[1m>\u001b[22m\u001b[2m\u001b[39m\u001b[90m 124 |\u001b[39m       expect([\u001b[35m200\u001b[39m\u001b[33m,\u001b[39m \u001b[35m401\u001b[39m\u001b[33m,\u001b[39m \u001b[35m500\u001b[39m])\u001b[33m.\u001b[39mtoContain(res\u001b[33m.\u001b[39mstatus)\u001b[33m;\u001b[39m\u001b[22m\n\u001b[2m     \u001b[90m     |\u001b[39m                               \u001b[31m\u001b[1m^\u001b[22m\u001b[2m\u001b[39m\u001b[22m\n\u001b[2m     \u001b[90m 125 |\u001b[39m       \u001b[36mif\u001b[39m (res\u001b[33m.\u001b[39mstatus \u001b[33m===\u001b[39m \u001b[35m200\u001b[39m) {\u001b[22m\n\u001b[2m     \u001b[90m 126 |\u001b[39m         expect(res\u001b[33m.\u001b[39mbody\u001b[33m.\u001b[39msuccess)\u001b[33m.\u001b[39mtoBe(\u001b[36mtrue\u001b[39m)\u001b[33m;\u001b[39m\u001b[22m\n\u001b[2m     \u001b[90m 127 |\u001b[39m         expect(res\u001b[33m.\u001b[39mbody\u001b[33m.\u001b[39mdata)\u001b[33m.\u001b[39mtoHaveProperty(\u001b[32m'accessToken'\u001b[39m)\u001b[33m;\u001b[39m\u001b[0m\u001b[22m\n\u001b[2m\u001b[22m\n\u001b[2m      \u001b[2mat Object.<anonymous> (\u001b[22m\u001b[2m\u001b[0m\u001b[36mtests/integration/auth.test.ts\u001b[39m\u001b[0m\u001b[2m:124:31)\u001b[22m\u001b[2m\u001b[22m\n\n\u001b[1m\u001b[31m  \u001b[1m● \u001b[22m\u001b[1mAUTH MODULE › POST /auth/login › should reject login with missing email\u001b[39m\u001b[22m\n\n    \u001b[2mexpect(\u001b[22m\u001b[31mreceived\u001b[39m\u001b[2m).\u001b[22mtoBe\u001b[2m(\u001b[22m\u001b[32mexpected\u001b[39m\u001b[2m) // Object.is equality\u001b[22m\n\n    Expected: \u001b[32m400\u001b[39m\n    Received: \u001b[31m429\u001b[39m\n\u001b[2m\u001b[22m\n\u001b[2m    \u001b[0m \u001b[90m 133 |\u001b[39m         \u001b[33m.\u001b[39mpost(\u001b[32m`${API}/auth/login`\u001b[39m)\u001b[22m\n\u001b[2m     \u001b[90m 134 |\u001b[39m         \u001b[33m.\u001b[39msend({ password\u001b[33m:\u001b[39m \u001b[32m'SecurePass123!'\u001b[39m })\u001b[33m;\u001b[39m\u001b[22m\n\u001b[2m    \u001b[31m\u001b[1m>\u001b[22m\u001b[2m\u001b[39m\u001b[90m 135 |\u001b[39m       expect(res\u001b[33m.\u001b[39mstatus)\u001b[33m.\u001b[39mtoBe(\u001b[35m400\u001b[39m)\u001b[33m;\u001b[39m\u001b[22m\n\u001b[2m     \u001b[90m     |\u001b[39m                          \u001b[31m\u001b[1m^\u001b[22m\u001b[2m\u001b[39m\u001b[22m\n\u001b[2m     \u001b[90m 136 |\u001b[39m       expect(res\u001b[33m.\u001b[39mbody\u001b[33m.\u001b[39mcode)\u001b[33m.\u001b[39mtoBe(\u001b[32m'MISSING_FIELDS'\u001b[39m)\u001b[33m;\u001b[39m\u001b[22m\n\u001b[2m     \u001b[90m 137 |\u001b[39m     })\u001b[33m;\u001b[39m\u001b[22m\n\u001b[2m     \u001b[90m 138 |\u001b[39m\u001b[0m\u001b[22m\n\u001b[2m\u001b[22m\n\u001b[2m      \u001b[2mat Object.<anonymous> (\u001b[22m\u001b[2m\u001b[0m\u001b[36mtests/integration/auth.test.ts\u001b[39m\u001b[0m\u001b[2m:135:26)\u001b[22m\u001b[2m\u001b[22m\n\n\u001b[1m\u001b[31m  \u001b[1m● \u001b[22m\u001b[1mAUTH MODULE › POST /auth/login › should reject login with missing password\u001b[39m\u001b[22m\n\n    \u001b[2mexpect(\u001b[22m\u001b[31mreceived\u001b[39m\u001b[2m).\u001b[22mtoBe\u001b[2m(\u001b[22m\u001b[32mexpected\u001b[39m\u001b[2m) // Object.is equality\u001b[22m\n\n    Expected: \u001b[32m400\u001b[39m\n    Received: \u001b[31m429\u001b[39m\n\u001b[2m\u001b[22m\n\u001b[2m    \u001b[0m \u001b[90m 141 |\u001b[39m         \u001b[33m.\u001b[39mpost(\u001b[32m`${API}/auth/login`\u001b[39m)\u001b[22m\n\u001b[2m     \u001b[90m 142 |\u001b[39m         \u001b[33m.\u001b[39msend({ email\u001b[33m:\u001b[39m \u001b[32m'test@example.com'\u001b[39m })\u001b[33m;\u001b[39m\u001b[22m\n\u001b[2m    \u001b[31m\u001b[1m>\u001b[22m\u001b[2m\u001b[39m\u001b[90m 143 |\u001b[39m       expect(res\u001b[33m.\u001b[39mstatus)\u001b[33m.\u001b[39mtoBe(\u001b[35m400\u001b[39m)\u001b[33m;\u001b[39m\u001b[22m\n\u001b[2m     \u001b[90m     |\u001b[39m                          \u001b[31m\u001b[1m^\u001b[22m\u001b[2m\u001b[39m\u001b[22m\n\u001b[2m     \u001b[90m 144 |\u001b[39m       expect(res\u001b[33m.\u001b[39mbody\u001b[33m.\u001b[39mcode)\u001b[33m.\u001b[39mtoBe(\u001b[32m'MISSING_FIELDS'\u001b[39m)\u001b[33m;\u001b[39m\u001b[22m\n\u001b[2m     \u001b[90m 145 |\u001b[39m     })\u001b[33m;\u001b[39m\u001b[22m\n\u001b[2m     \u001b[90m 146 |\u001b[39m\u001b[0m\u001b[22m\n\u001b[2m\u001b[22m\n\u001b[2m      \u001b[2mat Object.<anonymous> (\u001b[22m\u001b[2m\u001b[0m\u001b[36mtests/integration/auth.test.ts\u001b[39m\u001b[0m\u001b[2m:143:26)\u001b[22m\u001b[2m\u001b[22m\n\n\u001b[1m\u001b[31m  \u001b[1m● \u001b[22m\u001b[1mAUTH MODULE › POST /auth/login › should reject login with invalid email format\u001b[39m\u001b[22m\n\n    \u001b[2mexpect(\u001b[22m\u001b[31mreceived\u001b[39m\u001b[2m).\u001b[22mtoBe\u001b[2m(\u001b[22m\u001b[32mexpected\u001b[39m\u001b[2m) // Object.is equality\u001b[22m\n\n    Expected: \u001b[32m400\u001b[39m\n    Received: \u001b[31m429\u001b[39m\n\u001b[2m\u001b[22m\n\u001b[2m    \u001b[0m \u001b[90m 149 |\u001b[39m         \u001b[33m.\u001b[39mpost(\u001b[32m`${API}/auth/login`\u001b[39m)\u001b[22m\n\u001b[2m     \u001b[90m 150 |\u001b[39m         \u001b[33m.\u001b[39msend({ email\u001b[33m:\u001b[39m \u001b[32m'not-valid'\u001b[39m\u001b[33m,\u001b[39m password\u001b[33m:\u001b[39m \u001b[32m'SecurePass123!'\u001b[39m })\u001b[33m;\u001b[39m\u001b[22m\n\u001b[2m    \u001b[31m\u001b[1m>\u001b[22m\u001b[2m\u001b[39m\u001b[90m 151 |\u001b[39m       expect(res\u001b[33m.\u001b[39mstatus)\u001b[33m.\u001b[39mtoBe(\u001b[35m400\u001b[39m)\u001b[33m;\u001b[39m\u001b[22m\n\u001b[2m     \u001b[90m     |\u001b[39m                          \u001b[31m\u001b[1m^\u001b[22m\u001b[2m\u001b[39m\u001b[22m\n\u001b[2m     \u001b[90m 152 |\u001b[39m       expect(res\u001b[33m.\u001b[39mbody\u001b[33m.\u001b[39mcode)\u001b[33m.\u001b[39mtoBe(\u001b[32m'INVALID_EMAIL'\u001b[39m)\u001b[33m;\u001b[39m\u001b[22m\n\u001b[2m     \u001b[90m 153 |\u001b[39m     })\u001b[33m;\u001b[39m\u001b[22m\n\u001b[2m     \u001b[90m 154 |\u001b[39m\u001b[0m\u001b[22m\n\u001b[2m\u001b[22m\n\u001b[2m      \u001b[2mat Object.<anonymous> (\u001b[22m\u001b[2m\u001b[0m\u001b[36mtests/integration/auth.test.ts\u001b[39m\u001b[0m\u001b[2m:151:26)\u001b[22m\u001b[2m\u001b[22m\n\n\u001b[1m\u001b[31m  \u001b[1m● \u001b[22m\u001b[1mAUTH MODULE › POST /auth/login › should reject empty body\u001b[39m\u001b[22m\n\n    \u001b[2mexpect(\u001b[22m\u001b[31mreceived\u001b[39m\u001b[2m).\u001b[22mtoBe\u001b[2m(\u001b[22m\u001b[32mexpected\u001b[39m\u001b[2m) // Object.is equality\u001b[22m\n\n    Expected: \u001b[32m400\u001b[39m\n    Received: \u001b[31m429\u001b[39m\n\u001b[2m\u001b[22m\n\u001b[2m    \u001b[0m \u001b[90m 155 |\u001b[39m     it(\u001b[32m'should reject empty body'\u001b[39m\u001b[33m,\u001b[39m \u001b[36masync\u001b[39m () \u001b[33m=>\u001b[39m {\u001b[22m\n\u001b[2m     \u001b[90m 156 |\u001b[39m       \u001b[36mconst\u001b[39m res \u001b[33m=\u001b[39m \u001b[36mawait\u001b[39m request(app)\u001b[33m.\u001b[39mpost(\u001b[32m`${API}/auth/login`\u001b[39m)\u001b[33m.\u001b[39msend({})\u001b[33m;\u001b[39m\u001b[22m\n\u001b[2m    \u001b[31m\u001b[1m>\u001b[22m\u001b[2m\u001b[39m\u001b[90m 157 |\u001b[39m       expect(res\u001b[33m.\u001b[39mstatus)\u001b[33m.\u001b[39mtoBe(\u001b[35m400\u001b[39m)\u001b[33m;\u001b[39m\u001b[22m\n\u001b[2m     \u001b[90m     |\u001b[39m                          \u001b[31m\u001b[1m^\u001b[22m\u001b[2m\u001b[39m\u001b[22m\n\u001b[2m     \u001b[90m 158 |\u001b[39m     })\u001b[33m;\u001b[39m\u001b[22m\n\u001b[2m     \u001b[90m 159 |\u001b[39m   })\u001b[33m;\u001b[39m\u001b[22m\n\u001b[2m     \u001b[90m 160 |\u001b[39m\u001b[0m\u001b[22m\n\u001b[2m\u001b[22m\n\u001b[2m      \u001b[2mat Object.<anonymous> (\u001b[22m\u001b[2m\u001b[0m\u001b[36mtests/integration/auth.test.ts\u001b[39m\u001b[0m\u001b[2m:157:26)\u001b[22m\u001b[2m\u001b[22m\n","name":"K:\\Project\\Anitgravity\\Expense Tracker\\backend\\tests\\integration\\auth.test.ts","startTime":1773325538045,"status":"failed","summary":""}],"wasInterrupted":false}
